<?xml version="1.0" encoding="windows-1250" standalone="yes"?><Batch Date="2025-05-23" Number="1" SupplierName="Subiekt" DocType="Invoice"><Invoice><InvoiceHead><Schema><Version>3</Version></Schema><Parameters><Language>PL</Language><DecimalSeparator>,</DecimalSeparator><Precision>20.3</Precision></Parameters><InvoiceType Code="INV">Faktura VAT</InvoiceType><Function Code="FII"></Function><InvoiceCurrency><Currency Code="PLN"/></InvoiceCurrency><Checksum>81410</Checksum></InvoiceHead><InvoiceReferences><SuppliersInvoiceNumber>1/2025</SuppliersInvoiceNumber></InvoiceReferences><InvoiceDate>2025-04-20</InvoiceDate><CityOfIssue>Miasto</CityOfIssue><Buyer><BuyerReferences><SuppliersCodeForBuyer>Firma jakas</SuppliersCodeForBuyer><TaxNumber>1273168911</TaxNumber></BuyerReferences><Party>Firma jakas</Party><Address><Street>Jakiœ adres</Street><City>Miasto</City><PostCode>12-345</PostCode></Address></Buyer><InvoiceLine><LineNumber>1</LineNumber><Product><SuppliersProductCode>7777917953</SuppliersProductCode><Description>Nillkin backs for Samsung Galaxy S23 Ultra Nature TPU Pro colorless</Description></Product><Quantity UOMCode="szt."><Packsize>1</Packsize><Amount>1</Amount></Quantity><Price><UnitPrice>16,26</UnitPrice></Price><PercentDiscount><Type Code="LID"></Type><Percentage>0</Percentage></PercentDiscount><LineTax><TaxRate Code="H">23</TaxRate><TaxValue>3,74</TaxValue></LineTax><LineTotal>20,00</LineTotal><InvoiceLineInformation>Nillkin backs for Samsung Galaxy S23 Ultra Nature TPU Pro colorless</InvoiceLineInformation></InvoiceLine><InvoiceLine><LineNumber>2</LineNumber><Product><SuppliersProductCode>DOSTAWA123</SuppliersProductCode><Description>Dostawa do klienta</Description></Product><Quantity UOMCode="szt."><Packsize>1</Packsize><Amount>1</Amount></Quantity><Price><UnitPrice>8,93</UnitPrice></Price><PercentDiscount><Type Code="LID"></Type><Percentage>0</Percentage></PercentDiscount><LineTax><TaxRate Code="H">23</TaxRate><TaxValue>2,06</TaxValue></LineTax><LineTotal>10,99</LineTotal><InvoiceLineInformation>Dostawa do klienta</InvoiceLineInformation></InvoiceLine><Narrative></Narrative><SpecialInstructions>dokument liczony wg cen netto</SpecialInstructions><TaxSubTotal Code="PLN"><TaxRate Code="H">23</TaxRate><TaxableValueAtRate>25,19</TaxableValueAtRate><TaxAtRate>5,80</TaxAtRate><NetPaymentAtRate>30,99</NetPaymentAtRate><GrossPaymentAtRate>30,99</GrossPaymentAtRate></TaxSubTotal><TaxSubTotal Code="PLN"><TaxRate Code="L">8</TaxRate><TaxableValueAtRate>0,00</TaxableValueAtRate><TaxAtRate>0,00</TaxAtRate><NetPaymentAtRate>0,00</NetPaymentAtRate><GrossPaymentAtRate>0,00</GrossPaymentAtRate></TaxSubTotal><TaxSubTotal Code="PLN"><TaxRate Code="Z">0</TaxRate><TaxableValueAtRate>0,00</TaxableValueAtRate><TaxAtRate>0,00</TaxAtRate><NetPaymentAtRate>0,00</NetPaymentAtRate><GrossPaymentAtRate>0,00</GrossPaymentAtRate></TaxSubTotal><InvoiceTotal><NumberOfLines>2</NumberOfLines><NumberOfTaxRates>1</NumberOfTaxRates><LineValueTotal>25,19</LineValueTotal><TaxableTotal>25,19</TaxableTotal><TaxTotal>5,80</TaxTotal><NetPaymentTotal>30,99</NetPaymentTotal><GrossPaymentTotal>30,99</GrossPaymentTotal></InvoiceTotal></Invoice><BatchTrailer><ItemCurrency><Currency Code="PLN"/></ItemCurrency></BatchTrailer></Batch>